This file contains any messages produced by compilers while
running configure, to aid debugging if configure makes a mistake.

It was created by difflink configure 1.0.0, which was
generated by GNU Autoconf 2.68.  Invocation command line was

  $ ./configure 

## --------- ##
## Platform. ##
## --------- ##

hostname = ubuntuserv
uname -m = x86_64
uname -r = 3.2.0-24-generic
uname -s = Linux
uname -v = #39-Ubuntu SMP Mon May 21 16:52:17 UTC 2012

/usr/bin/uname -p = unknown
/bin/uname -X     = unknown

/bin/arch              = unknown
/usr/bin/arch -k       = unknown
/usr/convex/getsysinfo = unknown
/usr/bin/hostinfo      = unknown
/bin/machine           = unknown
/usr/bin/oslevel       = unknown
/bin/universe          = unknown

PATH: /usr/local/sbin
PATH: /usr/local/bin
PATH: /usr/sbin
PATH: /usr/bin
PATH: /sbin
PATH: /bin
PATH: /usr/games
PATH: /usr/local/scripts
PATH: /usr/local/apache2/bin


## ----------- ##
## Core tests. ##
## ----------- ##

configure:2165: checking for a BSD-compatible install
configure:2233: result: /usr/bin/install -c
configure:2244: checking whether build environment is sane
configure:2294: result: yes
configure:2435: checking for a thread-safe mkdir -p
configure:2474: result: /bin/mkdir -p
configure:2487: checking for gawk
configure:2503: found /usr/bin/gawk
configure:2514: result: gawk
configure:2525: checking whether make sets $(MAKE)
configure:2547: result: yes
configure:2680: checking for gcc
configure:2696: found /usr/bin/gcc
configure:2707: result: gcc
configure:2936: checking for C compiler version
configure:2945: gcc --version >&5
gcc (Ubuntu/Linaro 4.6.3-1ubuntu5) 4.6.3
Copyright (C) 2011 Free Software Foundation, Inc.
This is free software; see the source for copying conditions.  There is NO
warranty; not even for MERCHANTABILITY or FITNESS FOR A PARTICULAR PURPOSE.

configure:2956: $? = 0
configure:2945: gcc -v >&5
Using built-in specs.
COLLECT_GCC=gcc
COLLECT_LTO_WRAPPER=/usr/lib/gcc/x86_64-linux-gnu/4.6/lto-wrapper
Target: x86_64-linux-gnu
Configured with: ../src/configure -v --with-pkgversion='Ubuntu/Linaro 4.6.3-1ubuntu5' --with-bugurl=file:///usr/share/doc/gcc-4.6/README.Bugs --enable-languages=c,c++,fortran,objc,obj-c++ --prefix=/usr --program-suffix=-4.6 --enable-shared --enable-linker-build-id --with-system-zlib --libexecdir=/usr/lib --without-included-gettext --enable-threads=posix --with-gxx-include-dir=/usr/include/c++/4.6 --libdir=/usr/lib --enable-nls --with-sysroot=/ --enable-clocale=gnu --enable-libstdcxx-debug --enable-libstdcxx-time=yes --enable-gnu-unique-object --enable-plugin --enable-objc-gc --disable-werror --with-arch-32=i686 --with-tune=generic --enable-checking=release --build=x86_64-linux-gnu --host=x86_64-linux-gnu --target=x86_64-linux-gnu
Thread model: posix
gcc version 4.6.3 (Ubuntu/Linaro 4.6.3-1ubuntu5) 
configure:2956: $? = 0
configure:2945: gcc -V >&5
gcc: error: unrecognized option '-V'
gcc: fatal error: no input files
compilation terminated.
configure:2956: $? = 4
configure:2945: gcc -qversion >&5
gcc: error: unrecognized option '-qversion'
gcc: fatal error: no input files
compilation terminated.
configure:2956: $? = 4
configure:2976: checking whether the C compiler works
configure:2998: gcc    conftest.c  >&5
configure:3002: $? = 0
configure:3050: result: yes
configure:3053: checking for C compiler default output file name
configure:3055: result: a.out
configure:3061: checking for suffix of executables
configure:3068: gcc -o conftest    conftest.c  >&5
configure:3072: $? = 0
configure:3094: result: 
configure:3116: checking whether we are cross compiling
configure:3124: gcc -o conftest    conftest.c  >&5
configure:3128: $? = 0
configure:3135: ./conftest
configure:3139: $? = 0
configure:3154: result: no
configure:3159: checking for suffix of object files
configure:3181: gcc -c   conftest.c >&5
configure:3185: $? = 0
configure:3206: result: o
configure:3210: checking whether we are using the GNU C compiler
configure:3229: gcc -c   conftest.c >&5
configure:3229: $? = 0
configure:3238: result: yes
configure:3247: checking whether gcc accepts -g
configure:3267: gcc -c -g  conftest.c >&5
configure:3267: $? = 0
configure:3308: result: yes
configure:3325: checking for gcc option to accept ISO C89
configure:3389: gcc  -c -g -O2  conftest.c >&5
configure:3389: $? = 0
configure:3402: result: none needed
configure:3433: checking for style of include used by make
configure:3461: result: GNU
configure:3487: checking dependency style of gcc
configure:3598: result: gcc3
configure:3668: checking for pkg-config
configure:3686: found /usr/bin/pkg-config
configure:3698: result: /usr/bin/pkg-config
configure:3723: checking pkg-config is at least version 0.9.0
configure:3726: result: yes
configure:3736: checking for DEPS
configure:3743: $PKG_CONFIG --exists --print-errors "glib-2.0 >= 2.24.1"
configure:3746: $? = 0
configure:3760: $PKG_CONFIG --exists --print-errors "glib-2.0 >= 2.24.1"
configure:3763: $? = 0
configure:3821: result: yes
configure:3828: checking for library containing g_hash_table_new
configure:3859: gcc -o conftest -g -O2   conftest.c  >&5
/tmp/ccNXF76J.o: In function `main':
/home/brsnyder/devel/difflink/conftest.c:22: undefined reference to `g_hash_table_new'
collect2: ld returned 1 exit status
configure:3859: $? = 1
configure: failed program was:
| /* confdefs.h */
| #define PACKAGE_NAME "difflink"
| #define PACKAGE_TARNAME "difflink"
| #define PACKAGE_VERSION "1.0.0"
| #define PACKAGE_STRING "difflink 1.0.0"
| #define PACKAGE_BUGREPORT "snyder.bradleyj@gmail.com"
| #define PACKAGE_URL ""
| #define PACKAGE "difflink"
| #define VERSION "1.0.0"
| /* end confdefs.h.  */
| 
| /* Override any GCC internal prototype to avoid an error.
|    Use char because int might match the return type of a GCC
|    builtin and then its argument prototype would still apply.  */
| #ifdef __cplusplus
| extern "C"
| #endif
| char g_hash_table_new ();
| int
| main ()
| {
| return g_hash_table_new ();
|   ;
|   return 0;
| }
configure:3859: gcc -o conftest -g -O2   conftest.c -lglib-2.0   >&5
configure:3859: $? = 0
configure:3876: result: -lglib-2.0
configure:3886: checking for g_hash_table_new in -lglib-2.0
configure:3911: gcc -o conftest -g -O2   conftest.c -lglib-2.0  -lglib-2.0  >&5
configure:3911: $? = 0
configure:3920: result: yes
configure:3940: checking how to run the C preprocessor
configure:3971: gcc -E  conftest.c
configure:3971: $? = 0
configure:3985: gcc -E  conftest.c
conftest.c:12:28: fatal error: ac_nonexistent.h: No such file or directory
compilation terminated.
configure:3985: $? = 1
configure: failed program was:
| /* confdefs.h */
| #define PACKAGE_NAME "difflink"
| #define PACKAGE_TARNAME "difflink"
| #define PACKAGE_VERSION "1.0.0"
| #define PACKAGE_STRING "difflink 1.0.0"
| #define PACKAGE_BUGREPORT "snyder.bradleyj@gmail.com"
| #define PACKAGE_URL ""
| #define PACKAGE "difflink"
| #define VERSION "1.0.0"
| #define HAVE_LIBGLIB_2_0 1
| /* end confdefs.h.  */
| #include <ac_nonexistent.h>
configure:4010: result: gcc -E
configure:4030: gcc -E  conftest.c
configure:4030: $? = 0
configure:4044: gcc -E  conftest.c
conftest.c:12:28: fatal error: ac_nonexistent.h: No such file or directory
compilation terminated.
configure:4044: $? = 1
configure: failed program was:
| /* confdefs.h */
| #define PACKAGE_NAME "difflink"
| #define PACKAGE_TARNAME "difflink"
| #define PACKAGE_VERSION "1.0.0"
| #define PACKAGE_STRING "difflink 1.0.0"
| #define PACKAGE_BUGREPORT "snyder.bradleyj@gmail.com"
| #define PACKAGE_URL ""
| #define PACKAGE "difflink"
| #define VERSION "1.0.0"
| #define HAVE_LIBGLIB_2_0 1
| /* end confdefs.h.  */
| #include <ac_nonexistent.h>
configure:4073: checking for grep that handles long lines and -e
configure:4131: result: /bin/grep
configure:4136: checking for egrep
configure:4198: result: /bin/grep -E
configure:4203: checking for ANSI C header files
configure:4223: gcc -c -g -O2  conftest.c >&5
configure:4223: $? = 0
configure:4296: gcc -o conftest -g -O2   conftest.c -lglib-2.0 -lglib-2.0  >&5
configure:4296: $? = 0
configure:4296: ./conftest
configure:4296: $? = 0
configure:4307: result: yes
configure:4320: checking for sys/types.h
configure:4320: gcc -c -g -O2  conftest.c >&5
configure:4320: $? = 0
configure:4320: result: yes
configure:4320: checking for sys/stat.h
configure:4320: gcc -c -g -O2  conftest.c >&5
configure:4320: $? = 0
configure:4320: result: yes
configure:4320: checking for stdlib.h
configure:4320: gcc -c -g -O2  conftest.c >&5
configure:4320: $? = 0
configure:4320: result: yes
configure:4320: checking for string.h
configure:4320: gcc -c -g -O2  conftest.c >&5
configure:4320: $? = 0
configure:4320: result: yes
configure:4320: checking for memory.h
configure:4320: gcc -c -g -O2  conftest.c >&5
configure:4320: $? = 0
configure:4320: result: yes
configure:4320: checking for strings.h
configure:4320: gcc -c -g -O2  conftest.c >&5
configure:4320: $? = 0
configure:4320: result: yes
configure:4320: checking for inttypes.h
configure:4320: gcc -c -g -O2  conftest.c >&5
configure:4320: $? = 0
configure:4320: result: yes
configure:4320: checking for stdint.h
configure:4320: gcc -c -g -O2  conftest.c >&5
configure:4320: $? = 0
configure:4320: result: yes
configure:4320: checking for unistd.h
configure:4320: gcc -c -g -O2  conftest.c >&5
configure:4320: $? = 0
configure:4320: result: yes
configure:4335: checking for stdlib.h
configure:4335: result: yes
configure:4335: checking for string.h
configure:4335: result: yes
configure:4335: checking sys/param.h usability
configure:4335: gcc -c -g -O2  conftest.c >&5
configure:4335: $? = 0
configure:4335: result: yes
configure:4335: checking sys/param.h presence
configure:4335: gcc -E  conftest.c
configure:4335: $? = 0
configure:4335: result: yes
configure:4335: checking for sys/param.h
configure:4335: result: yes
configure:4335: checking for unistd.h
configure:4335: result: yes
configure:4335: checking assert.h usability
configure:4335: gcc -c -g -O2  conftest.c >&5
configure:4335: $? = 0
configure:4335: result: yes
configure:4335: checking assert.h presence
configure:4335: gcc -E  conftest.c
configure:4335: $? = 0
configure:4335: result: yes
configure:4335: checking for assert.h
configure:4335: result: yes
configure:4335: checking glib.h usability
configure:4335: gcc -c -g -O2  conftest.c >&5
conftest.c:60:18: fatal error: glib.h: No such file or directory
compilation terminated.
configure:4335: $? = 1
configure: failed program was:
| /* confdefs.h */
| #define PACKAGE_NAME "difflink"
| #define PACKAGE_TARNAME "difflink"
| #define PACKAGE_VERSION "1.0.0"
| #define PACKAGE_STRING "difflink 1.0.0"
| #define PACKAGE_BUGREPORT "snyder.bradleyj@gmail.com"
| #define PACKAGE_URL ""
| #define PACKAGE "difflink"
| #define VERSION "1.0.0"
| #define HAVE_LIBGLIB_2_0 1
| #define STDC_HEADERS 1
| #define HAVE_SYS_TYPES_H 1
| #define HAVE_SYS_STAT_H 1
| #define HAVE_STDLIB_H 1
| #define HAVE_STRING_H 1
| #define HAVE_MEMORY_H 1
| #define HAVE_STRINGS_H 1
| #define HAVE_INTTYPES_H 1
| #define HAVE_STDINT_H 1
| #define HAVE_UNISTD_H 1
| #define HAVE_STDLIB_H 1
| #define HAVE_STRING_H 1
| #define HAVE_SYS_PARAM_H 1
| #define HAVE_UNISTD_H 1
| #define HAVE_ASSERT_H 1
| /* end confdefs.h.  */
| #include <stdio.h>
| #ifdef HAVE_SYS_TYPES_H
| # include <sys/types.h>
| #endif
| #ifdef HAVE_SYS_STAT_H
| # include <sys/stat.h>
| #endif
| #ifdef STDC_HEADERS
| # include <stdlib.h>
| # include <stddef.h>
| #else
| # ifdef HAVE_STDLIB_H
| #  include <stdlib.h>
| # endif
| #endif
| #ifdef HAVE_STRING_H
| # if !defined STDC_HEADERS && defined HAVE_MEMORY_H
| #  include <memory.h>
| # endif
| # include <string.h>
| #endif
| #ifdef HAVE_STRINGS_H
| # include <strings.h>
| #endif
| #ifdef HAVE_INTTYPES_H
| # include <inttypes.h>
| #endif
| #ifdef HAVE_STDINT_H
| # include <stdint.h>
| #endif
| #ifdef HAVE_UNISTD_H
| # include <unistd.h>
| #endif
| #include <glib.h>
configure:4335: result: no
configure:4335: checking glib.h presence
configure:4335: gcc -E  conftest.c
conftest.c:27:18: fatal error: glib.h: No such file or directory
compilation terminated.
configure:4335: $? = 1
configure: failed program was:
| /* confdefs.h */
| #define PACKAGE_NAME "difflink"
| #define PACKAGE_TARNAME "difflink"
| #define PACKAGE_VERSION "1.0.0"
| #define PACKAGE_STRING "difflink 1.0.0"
| #define PACKAGE_BUGREPORT "snyder.bradleyj@gmail.com"
| #define PACKAGE_URL ""
| #define PACKAGE "difflink"
| #define VERSION "1.0.0"
| #define HAVE_LIBGLIB_2_0 1
| #define STDC_HEADERS 1
| #define HAVE_SYS_TYPES_H 1
| #define HAVE_SYS_STAT_H 1
| #define HAVE_STDLIB_H 1
| #define HAVE_STRING_H 1
| #define HAVE_MEMORY_H 1
| #define HAVE_STRINGS_H 1
| #define HAVE_INTTYPES_H 1
| #define HAVE_STDINT_H 1
| #define HAVE_UNISTD_H 1
| #define HAVE_STDLIB_H 1
| #define HAVE_STRING_H 1
| #define HAVE_SYS_PARAM_H 1
| #define HAVE_UNISTD_H 1
| #define HAVE_ASSERT_H 1
| /* end confdefs.h.  */
| #include <glib.h>
configure:4335: result: no
configure:4335: checking for glib.h
configure:4335: result: no
configure:4347: checking for size_t
configure:4347: gcc -c -g -O2  conftest.c >&5
configure:4347: $? = 0
configure:4347: gcc -c -g -O2  conftest.c >&5
conftest.c: In function 'main':
conftest.c:63:21: error: expected expression before ')' token
configure:4347: $? = 1
configure: failed program was:
| /* confdefs.h */
| #define PACKAGE_NAME "difflink"
| #define PACKAGE_TARNAME "difflink"
| #define PACKAGE_VERSION "1.0.0"
| #define PACKAGE_STRING "difflink 1.0.0"
| #define PACKAGE_BUGREPORT "snyder.bradleyj@gmail.com"
| #define PACKAGE_URL ""
| #define PACKAGE "difflink"
| #define VERSION "1.0.0"
| #define HAVE_LIBGLIB_2_0 1
| #define STDC_HEADERS 1
| #define HAVE_SYS_TYPES_H 1
| #define HAVE_SYS_STAT_H 1
| #define HAVE_STDLIB_H 1
| #define HAVE_STRING_H 1
| #define HAVE_MEMORY_H 1
| #define HAVE_STRINGS_H 1
| #define HAVE_INTTYPES_H 1
| #define HAVE_STDINT_H 1
| #define HAVE_UNISTD_H 1
| #define HAVE_STDLIB_H 1
| #define HAVE_STRING_H 1
| #define HAVE_SYS_PARAM_H 1
| #define HAVE_UNISTD_H 1
| #define HAVE_ASSERT_H 1
| /* end confdefs.h.  */
| #include <stdio.h>
| #ifdef HAVE_SYS_TYPES_H
| # include <sys/types.h>
| #endif
| #ifdef HAVE_SYS_STAT_H
| # include <sys/stat.h>
| #endif
| #ifdef STDC_HEADERS
| # include <stdlib.h>
| # include <stddef.h>
| #else
| # ifdef HAVE_STDLIB_H
| #  include <stdlib.h>
| # endif
| #endif
| #ifdef HAVE_STRING_H
| # if !defined STDC_HEADERS && defined HAVE_MEMORY_H
| #  include <memory.h>
| # endif
| # include <string.h>
| #endif
| #ifdef HAVE_STRINGS_H
| # include <strings.h>
| #endif
| #ifdef HAVE_INTTYPES_H
| # include <inttypes.h>
| #endif
| #ifdef HAVE_STDINT_H
| # include <stdint.h>
| #endif
| #ifdef HAVE_UNISTD_H
| # include <unistd.h>
| #endif
| int
| main ()
| {
| if (sizeof ((size_t)))
| 	    return 0;
|   ;
|   return 0;
| }
configure:4347: result: yes
configure:4360: checking whether lstat correctly handles trailing slash
configure:4386: gcc -o conftest -g -O2   conftest.c -lglib-2.0 -lglib-2.0  >&5
configure:4386: $? = 0
configure:4386: ./conftest
configure:4386: $? = 0
configure:4403: result: yes
configure:4424: checking for stdlib.h
configure:4424: result: yes
configure:4434: checking for GNU libc compatible malloc
configure:4458: gcc -o conftest -g -O2   conftest.c -lglib-2.0 -lglib-2.0  >&5
configure:4458: $? = 0
configure:4458: ./conftest
configure:4458: $? = 0
configure:4468: result: yes
configure:4491: checking for stdlib.h
configure:4491: result: yes
configure:4501: checking for GNU libc compatible realloc
configure:4525: gcc -o conftest -g -O2   conftest.c -lglib-2.0 -lglib-2.0  >&5
configure:4525: $? = 0
configure:4525: ./conftest
configure:4525: $? = 0
configure:4535: result: yes
configure:4689: creating ./config.status

## ---------------------- ##
## Running config.status. ##
## ---------------------- ##

This file was extended by difflink config.status 1.0.0, which was
generated by GNU Autoconf 2.68.  Invocation command line was

  CONFIG_FILES    = 
  CONFIG_HEADERS  = 
  CONFIG_LINKS    = 
  CONFIG_COMMANDS = 
  $ ./config.status 

on ubuntuserv

config.status:877: creating Makefile
config.status:877: creating src/Makefile
config.status:877: creating config.h
config.status:1106: executing depfiles commands

## ---------------- ##
## Cache variables. ##
## ---------------- ##

ac_cv_c_compiler_gnu=yes
ac_cv_env_CC_set=
ac_cv_env_CC_value=
ac_cv_env_CFLAGS_set=
ac_cv_env_CFLAGS_value=
ac_cv_env_CPPFLAGS_set=
ac_cv_env_CPPFLAGS_value=
ac_cv_env_CPP_set=
ac_cv_env_CPP_value=
ac_cv_env_DEPS_CFLAGS_set=
ac_cv_env_DEPS_CFLAGS_value=
ac_cv_env_DEPS_LIBS_set=
ac_cv_env_DEPS_LIBS_value=
ac_cv_env_LDFLAGS_set=
ac_cv_env_LDFLAGS_value=
ac_cv_env_LIBS_set=
ac_cv_env_LIBS_value=
ac_cv_env_PKG_CONFIG_LIBDIR_set=
ac_cv_env_PKG_CONFIG_LIBDIR_value=
ac_cv_env_PKG_CONFIG_PATH_set=
ac_cv_env_PKG_CONFIG_PATH_value=
ac_cv_env_PKG_CONFIG_set=
ac_cv_env_PKG_CONFIG_value=
ac_cv_env_build_alias_set=
ac_cv_env_build_alias_value=
ac_cv_env_host_alias_set=
ac_cv_env_host_alias_value=
ac_cv_env_target_alias_set=
ac_cv_env_target_alias_value=
ac_cv_func_lstat_dereferences_slashed_symlink=yes
ac_cv_func_malloc_0_nonnull=yes
ac_cv_func_realloc_0_nonnull=yes
ac_cv_header_assert_h=yes
ac_cv_header_glib_h=no
ac_cv_header_inttypes_h=yes
ac_cv_header_memory_h=yes
ac_cv_header_stdc=yes
ac_cv_header_stdint_h=yes
ac_cv_header_stdlib_h=yes
ac_cv_header_string_h=yes
ac_cv_header_strings_h=yes
ac_cv_header_sys_param_h=yes
ac_cv_header_sys_stat_h=yes
ac_cv_header_sys_types_h=yes
ac_cv_header_unistd_h=yes
ac_cv_lib_glib_2_0_g_hash_table_new=yes
ac_cv_objext=o
ac_cv_path_EGREP='/bin/grep -E'
ac_cv_path_GREP=/bin/grep
ac_cv_path_ac_pt_PKG_CONFIG=/usr/bin/pkg-config
ac_cv_path_install='/usr/bin/install -c'
ac_cv_path_mkdir=/bin/mkdir
ac_cv_prog_AWK=gawk
ac_cv_prog_CPP='gcc -E'
ac_cv_prog_ac_ct_CC=gcc
ac_cv_prog_cc_c89=
ac_cv_prog_cc_g=yes
ac_cv_prog_make_make_set=yes
ac_cv_search_g_hash_table_new=-lglib-2.0
ac_cv_type_size_t=yes
am_cv_CC_dependencies_compiler_type=gcc3
pkg_cv_DEPS_CFLAGS='-I/usr/local/include/glib-2.0 -I/usr/local/lib/glib-2.0/include  '
pkg_cv_DEPS_LIBS='-L/usr/local/lib -lglib-2.0  '

## ----------------- ##
## Output variables. ##
## ----------------- ##

ACLOCAL='${SHELL} /home/brsnyder/devel/difflink/missing --run aclocal-1.11'
AMDEPBACKSLASH='\'
AMDEP_FALSE='#'
AMDEP_TRUE=''
AMTAR='$${TAR-tar}'
AUTOCONF='${SHELL} /home/brsnyder/devel/difflink/missing --run autoconf'
AUTOHEADER='${SHELL} /home/brsnyder/devel/difflink/missing --run autoheader'
AUTOMAKE='${SHELL} /home/brsnyder/devel/difflink/missing --run automake-1.11'
AWK='gawk'
CC='gcc'
CCDEPMODE='depmode=gcc3'
CFLAGS='-g -O2'
CPP='gcc -E'
CPPFLAGS=''
CYGPATH_W='echo'
DEFS='-DHAVE_CONFIG_H'
DEPDIR='.deps'
DEPS_CFLAGS='-I/usr/local/include/glib-2.0 -I/usr/local/lib/glib-2.0/include  '
DEPS_LIBS='-L/usr/local/lib -lglib-2.0  '
ECHO_C=''
ECHO_N='-n'
ECHO_T=''
EGREP='/bin/grep -E'
EXEEXT=''
GREP='/bin/grep'
INSTALL_DATA='${INSTALL} -m 644'
INSTALL_PROGRAM='${INSTALL}'
INSTALL_SCRIPT='${INSTALL}'
INSTALL_STRIP_PROGRAM='$(install_sh) -c -s'
LDFLAGS=''
LIBOBJS=''
LIBS='-lglib-2.0 -lglib-2.0 '
LTLIBOBJS=''
MAKEINFO='${SHELL} /home/brsnyder/devel/difflink/missing --run makeinfo'
MKDIR_P='/bin/mkdir -p'
OBJEXT='o'
PACKAGE='difflink'
PACKAGE_BUGREPORT='snyder.bradleyj@gmail.com'
PACKAGE_NAME='difflink'
PACKAGE_STRING='difflink 1.0.0'
PACKAGE_TARNAME='difflink'
PACKAGE_URL=''
PACKAGE_VERSION='1.0.0'
PATH_SEPARATOR=':'
PKG_CONFIG='/usr/bin/pkg-config'
PKG_CONFIG_LIBDIR=''
PKG_CONFIG_PATH=''
SET_MAKE=''
SHELL='/bin/bash'
STRIP=''
VERSION='1.0.0'
ac_ct_CC='gcc'
am__EXEEXT_FALSE=''
am__EXEEXT_TRUE='#'
am__fastdepCC_FALSE='#'
am__fastdepCC_TRUE=''
am__include='include'
am__isrc=''
am__leading_dot='.'
am__nodep='_no'
am__quote=''
am__tar='$${TAR-tar} chof - "$$tardir"'
am__untar='$${TAR-tar} xf -'
bindir='${exec_prefix}/bin'
build_alias=''
datadir='${datarootdir}'
datarootdir='${prefix}/share'
docdir='${datarootdir}/doc/${PACKAGE_TARNAME}'
dvidir='${docdir}'
exec_prefix='${prefix}'
host_alias=''
htmldir='${docdir}'
includedir='${prefix}/include'
infodir='${datarootdir}/info'
install_sh='${SHELL} /home/brsnyder/devel/difflink/install-sh'
libdir='${exec_prefix}/lib'
libexecdir='${exec_prefix}/libexec'
localedir='${datarootdir}/locale'
localstatedir='${prefix}/var'
mandir='${datarootdir}/man'
mkdir_p='/bin/mkdir -p'
oldincludedir='/usr/include'
pdfdir='${docdir}'
prefix='/usr/local'
program_transform_name='s,x,x,'
psdir='${docdir}'
sbindir='${exec_prefix}/sbin'
sharedstatedir='${prefix}/com'
sysconfdir='${prefix}/etc'
target_alias=''

## ----------- ##
## confdefs.h. ##
## ----------- ##

/* confdefs.h */
#define PACKAGE_NAME "difflink"
#define PACKAGE_TARNAME "difflink"
#define PACKAGE_VERSION "1.0.0"
#define PACKAGE_STRING "difflink 1.0.0"
#define PACKAGE_BUGREPORT "snyder.bradleyj@gmail.com"
#define PACKAGE_URL ""
#define PACKAGE "difflink"
#define VERSION "1.0.0"
#define HAVE_LIBGLIB_2_0 1
#define STDC_HEADERS 1
#define HAVE_SYS_TYPES_H 1
#define HAVE_SYS_STAT_H 1
#define HAVE_STDLIB_H 1
#define HAVE_STRING_H 1
#define HAVE_MEMORY_H 1
#define HAVE_STRINGS_H 1
#define HAVE_INTTYPES_H 1
#define HAVE_STDINT_H 1
#define HAVE_UNISTD_H 1
#define HAVE_STDLIB_H 1
#define HAVE_STRING_H 1
#define HAVE_SYS_PARAM_H 1
#define HAVE_UNISTD_H 1
#define HAVE_ASSERT_H 1
#define LSTAT_FOLLOWS_SLASHED_SYMLINK 1
#define HAVE_STDLIB_H 1
#define HAVE_MALLOC 1
#define HAVE_STDLIB_H 1
#define HAVE_REALLOC 1

configure: exit 0
